\BOOKMARK [1][-]{section.1}{\376\377\000O\000p\000i\000s\000\040\000p\000r\000o\000j\000e\000k\000t\000u}{}% 1
\BOOKMARK [2][-]{subsection.1.1}{\376\377\000C\000e\000l\000\040\000p\000r\000o\000j\000e\000k\000t\000u}{section.1}% 2
\BOOKMARK [2][-]{subsection.1.2}{\376\377\000O\000p\000i\000s\000\040\000i\000\040\000p\000r\000z\000y\000g\000o\000t\000o\000w\000a\000n\000i\000e\000\040\000w\000y\000k\000o\000r\000z\000y\000s\000t\000a\000n\000y\000c\000h\000\040\000d\000a\000n\000y\000c\000h}{section.1}% 3
\BOOKMARK [1][-]{section.2}{\376\377\000Z\000a\000g\000a\000d\000n\000i\000e\000n\000i\000a\000\040\000t\000e\000o\000r\000e\000t\000y\000c\000z\000n\000e\000\040\000z\000w\000i\001\005\000z\000a\000n\000e\000\040\000z\000\040\000w\000y\000k\000o\000r\000z\000y\000s\000t\000a\000n\001\005\000\040\000s\000i\000e\000c\000i\001\005\000\040\000n\000e\000u\000r\000o\000n\000o\000w\001\005\000\040\000o\000r\000a\000z\000\040\000a\000l\000g\000o\000r\000y\000t\000m\000e\000m\000\040\000u\000c\000z\000e\000n\000i\000a}{}% 4
\BOOKMARK [2][-]{subsection.2.1}{\376\377\000M\000o\000d\000e\000l\000\040\000n\000e\000u\000r\000o\000n\000u}{section.2}% 5
\BOOKMARK [2][-]{subsection.2.2}{\376\377\000S\000i\000e\001\007\000\040\000n\000e\000u\000r\000o\000n\000o\000w\000a\000\040\000j\000e\000d\000n\000o\000w\000a\000r\000s\000t\000w\000o\000w\000a}{section.2}% 6
\BOOKMARK [2][-]{subsection.2.3}{\376\377\000S\000i\000e\001\007\000\040\000n\000e\000u\000r\000o\000n\000o\000w\000a\000\040\000w\000i\000e\000l\000o\000w\000a\000r\000s\000t\000w\000o\000w\000a}{section.2}% 7
\BOOKMARK [2][-]{subsection.2.4}{\376\377\000P\000r\000o\000c\000e\000s\000\040\000u\000c\000z\000e\000n\000i\000a\000\040\000s\000i\000e\000c\000i\000\040\000z\000\040\000w\000y\000k\000o\000r\000z\000y\000s\000t\000a\000n\000i\000e\000m\000\040\000m\000e\000t\000o\000d\000y\000\040\000g\000r\000a\000d\000i\000e\000n\000t\000o\000w\000e\000j}{section.2}% 8
\BOOKMARK [3][-]{subsubsection.2.4.1}{\376\377\000O\000g\000\363\000l\000n\000y\000\040\000a\000l\000g\000o\000r\000y\000t\000m\000\040\000g\000r\000a\000d\000i\000e\000n\000t\000o\000w\000y}{subsection.2.4}% 9
\BOOKMARK [3][-]{subsubsection.2.4.2}{\376\377\000Z\000a\000s\000t\000o\000s\000o\000w\000a\000n\000i\000e\000\040\000a\000l\000g\000o\000r\000y\000t\000m\000u\000\040\000g\000r\000a\000d\000i\000e\000n\000t\000o\000w\000e\000g\000o\000\040\000w\000\040\000s\000i\000e\000c\000i\000a\000c\000h\000\040\000w\000i\000e\000l\000o\000w\000a\000r\000s\000t\000w\000o\000w\000y\000c\000h}{subsection.2.4}% 10
\BOOKMARK [3][-]{subsubsection.2.4.3}{\376\377\000M\000e\000t\000o\000d\000a\000\040\000s\000t\000o\000c\000h\000a\000s\000t\000y\000c\000z\000n\000e\000g\000o\000\040\000s\000p\000a\000d\000k\000u\000\040\000g\000r\000a\000d\000i\000e\000n\000t\000u}{subsection.2.4}% 11
\BOOKMARK [3][-]{subsubsection.2.4.4}{\376\377\000A\000d\000a\000p\000t\000a\000c\000y\000j\000n\000y\000\040\000w\000s\000p\000\363\001\102\000c\000z\000y\000n\000n\000i\000k\000\040\000u\000c\000z\000e\000n\000i\000a}{subsection.2.4}% 12
\BOOKMARK [1][-]{section.3}{\376\377\000I\000m\000p\000l\000e\000m\000e\000n\000t\000a\000c\000j\000a\000\040\000a\000l\000g\000o\000r\000y\000t\000m\000\363\000w\000\040\000w\000\040\000j\001\031\000z\000y\000k\000u\000\040\000R\000u\000s\000t}{}% 13
\BOOKMARK [2][-]{subsection.3.1}{\376\377\000I\000m\000p\000l\000e\000m\000e\000n\000t\000a\000c\000j\000a\000\040\000s\000t\000r\000u\000k\000t\000u\000r\000y\000\040\000s\000i\000e\000c\000i}{section.3}% 14
\BOOKMARK [3][-]{subsubsection.3.1.1}{\376\377\000P\000o\000d\000s\000t\000a\000w\000o\000w\000a\000\040\000s\000t\000r\000u\000k\000t\000u\000r\000a\000\040\000r\000e\000p\000r\000e\000z\000e\000n\000t\000u\000j\001\005\000c\000a\000\040\000s\000i\000e\001\007}{subsection.3.1}% 15
\BOOKMARK [3][-]{subsubsection.3.1.2}{\376\377\000A\000l\000g\000o\000r\000y\000t\000m\000\040\000u\000c\000z\000e\000n\000i\000a\000\040\000s\000i\000e\000c\000i}{subsection.3.1}% 16
\BOOKMARK [3][-]{subsubsection.3.1.3}{\376\377\000S\000k\000r\000y\000p\000t\000\040\001\102\000a\000d\000u\000j\001\005\000c\000y\000\040\000d\000a\000n\000e}{subsection.3.1}% 17
\BOOKMARK [1][-]{section.4}{\376\377\000E\000k\000s\000p\000e\000r\000y\000m\000e\000n\000t\000y}{}% 18
\BOOKMARK [2][-]{subsection.4.1}{\376\377\000S\000e\000r\000i\000a\000\040\0001\000\040\000-\000\040\000T\000e\000s\000t\000y\000\040\000p\000o\000p\000r\000a\000w\000n\000o\001\133\000c\000i\000\040\000d\000z\000i\000a\001\102\000a\000n\000i\000a\000\040\000i\000m\000p\000l\000e\000m\000e\000n\000t\000a\000c\000j\000i\000\040\000s\000i\000e\000c\000i}{section.4}% 19
\BOOKMARK [2][-]{subsection.4.2}{\376\377\000S\000e\000r\000i\000a\000\040\0002\000\040\000-\000\040\000B\000a\000d\000a\000n\000i\000e\000\040\000w\000p\001\102\000y\000w\000u\000\040\000m\000e\000t\000a\000p\000a\000r\000a\000m\000e\000t\000r\000\363\000w\000\040\000s\000i\000e\000c\000i\000\040\000n\000a\000\040\000p\000r\000z\000e\000b\000i\000e\000g\000\040\000o\000r\000a\000z\000\040\000w\000y\000n\000i\000k\000\040\000p\000r\000o\000c\000e\000s\000u\000\040\000u\000c\000z\000e\000n\000i\000a}{section.4}% 20
\BOOKMARK [3][-]{subsubsection.4.2.1}{\376\377\000W\000p\001\102\000y\000w\000\040\000l\000i\000c\000z\000b\000y\000\040\000n\000e\000u\000r\000o\000n\000\363\000w\000\040\000n\000a\000\040\000e\000f\000e\000k\000t\000y\000w\000n\000o\001\133\001\007\000\040\000u\000c\000z\000e\000n\000i\000a}{subsection.4.2}% 21
\BOOKMARK [3][-]{subsubsection.4.2.2}{\376\377\000W\000p\001\102\000y\000w\000\040\000m\000o\000d\000y\000f\000i\000k\000a\000t\000o\000r\000\363\000w\000\040\000w\000s\000p\000\363\001\102\000c\000z\000y\000n\000n\000i\000k\000a\000\040\000u\000c\000z\000e\000n\000i\000a\000\040\000n\000a\000\040\000p\000o\000p\000r\000a\000w\000n\000o\001\133\001\007\000\040\000k\000l\000a\000s\000y\000f\000i\000k\000a\000c\000j\000i}{subsection.4.2}% 22
\BOOKMARK [3][-]{subsubsection.4.2.3}{\376\377\000W\000p\001\102\000y\000w\000\040\000p\000o\000c\000z\001\005\000t\000k\000o\000w\000e\000j\000\040\000w\000a\000r\000t\000o\001\133\000c\000i\000\040\000w\000s\000p\000\363\001\102\000c\000z\000y\000n\000n\000i\000k\000a\000\040\000u\000c\000z\000e\000n\000i\000a\000\040\000n\000a\000\040\000p\000r\000o\000c\000e\000s\000\040\000u\000c\000z\000e\000n\000i\000a}{subsection.4.2}% 23
\BOOKMARK [2][-]{subsection.4.3}{\376\377\000S\000e\000r\000i\000a\000\040\0003\000\040\000-\000\040\000B\000a\000d\000a\000n\000i\000e\000\040\000w\000p\001\102\000y\000w\000u\000\040\000p\000a\000r\000a\000m\000e\000t\000r\000u\000\040\000b\001\102\001\031\000d\000u\000\040\000g\000r\000a\000n\000i\000c\000z\000n\000e\000g\000o\000\040\000n\000a\000\040\000p\000r\000z\000e\000b\000i\000e\000g\000\040\000o\000r\000a\000z\000\040\000w\000y\000n\000i\000k\000\040\000p\000r\000o\000c\000e\000s\000u\000\040\000u\000c\000z\000e\000n\000i\000a}{section.4}% 24
\BOOKMARK [3][-]{subsubsection.4.3.1}{\376\377\000W\000p\001\102\000y\000w\000\040\000z\000m\000i\000e\000n\000n\000e\000g\000o\000\040\000w\000s\000p\000\363\001\102\000c\000z\000y\000n\000n\000i\000k\000a\000\040\000g\000r\000a\000n\000i\000c\000z\000n\000e\000g\000o\000\040\000n\000a\000\040\000p\000o\000p\000r\000a\000w\000n\000o\001\133\001\007\000\040\000k\000l\000a\000s\000y\000f\000i\000k\000a\000c\000j\000i\000\040\000p\000r\000z\000y\000\040\000z\000m\000i\000e\000n\000n\000e\000j\000\040\000l\000i\000c\000z\000b\000i\000e\000\040\000n\000e\000u\000r\000o\000n\000\363\000w}{subsection.4.3}% 25
\BOOKMARK [3][-]{subsubsection.4.3.2}{\376\377\000O\000g\000\363\000l\000n\000y\000\040\000w\000p\001\102\000y\000w\000\040\000p\000a\000r\000a\000m\000e\000t\000r\000\363\000w\000\040\000a\000d\000a\000p\000t\000a\000c\000y\000j\000n\000y\000c\000h\000\040\000n\000a\000\040\000e\000f\000e\000k\000t\000y\000w\000n\000o\001\133\001\007\000\040\000u\000c\000z\000e\000n\000i\000a\000\040\000s\000i\000e\000c\000i}{subsection.4.3}% 26
\BOOKMARK [1][-]{figure.20}{\376\377\000L\000i\000t\000e\000r\000a\000t\000u\000r\000a}{}% 27
